0 info it worked if it ends with ok
1 verbose cli [ '/Users/a11964/.nvm/versions/node/v5.0.0/bin/node',
1 verbose cli   '/Users/a11964/.nvm/versions/node/v5.0.0/bin/npm',
1 verbose cli   'start' ]
2 info using npm@3.3.6
3 info using node@v5.0.0
4 verbose run-script [ 'prestart', 'start', 'poststart' ]
5 info lifecycle totec2015@0.0.0~prestart: totec2015@0.0.0
6 silly lifecycle totec2015@0.0.0~prestart: no script for prestart, continuing
7 info lifecycle totec2015@0.0.0~start: totec2015@0.0.0
8 verbose lifecycle totec2015@0.0.0~start: unsafe-perm in lifecycle true
9 verbose lifecycle totec2015@0.0.0~start: PATH: /Users/a11964/.nvm/versions/node/v5.0.0/lib/node_modules/npm/bin/node-gyp-bin:/Users/a11964/Develop/totec2015/totec2015/node_modules/.bin:/usr/local/heroku/bin:/Users/a11964/.nvm/versions/node/v5.0.0/bin:/usr/bin:/bin:/usr/sbin:/sbin:/usr/local/bin:/opt/X11/bin
10 verbose lifecycle totec2015@0.0.0~start: CWD: /Users/a11964/Develop/totec2015/totec2015
11 silly lifecycle totec2015@0.0.0~start: Args: [ '-c', 'node ./bin/www' ]
12 silly lifecycle totec2015@0.0.0~start: Returned: code: 1  signal: null
13 info lifecycle totec2015@0.0.0~start: Failed to exec start script
14 verbose stack Error: totec2015@0.0.0 start: `node ./bin/www`
14 verbose stack Exit status 1
14 verbose stack     at EventEmitter.<anonymous> (/Users/a11964/.nvm/versions/node/v5.0.0/lib/node_modules/npm/lib/utils/lifecycle.js:233:16)
14 verbose stack     at emitTwo (events.js:87:13)
14 verbose stack     at EventEmitter.emit (events.js:172:7)
14 verbose stack     at ChildProcess.<anonymous> (/Users/a11964/.nvm/versions/node/v5.0.0/lib/node_modules/npm/lib/utils/spawn.js:24:14)
14 verbose stack     at emitTwo (events.js:87:13)
14 verbose stack     at ChildProcess.emit (events.js:172:7)
14 verbose stack     at maybeClose (internal/child_process.js:818:16)
14 verbose stack     at Process.ChildProcess._handle.onexit (internal/child_process.js:211:5)
15 verbose pkgid totec2015@0.0.0
16 verbose cwd /Users/a11964/Develop/totec2015/totec2015
17 error Darwin 15.0.0
18 error argv "/Users/a11964/.nvm/versions/node/v5.0.0/bin/node" "/Users/a11964/.nvm/versions/node/v5.0.0/bin/npm" "start"
19 error node v5.0.0
20 error npm  v3.3.6
21 error code ELIFECYCLE
22 error totec2015@0.0.0 start: `node ./bin/www`
22 error Exit status 1
23 error Failed at the totec2015@0.0.0 start script 'node ./bin/www'.
23 error This is most likely a problem with the totec2015 package,
23 error not with npm itself.
23 error Tell the author that this fails on your system:
23 error     node ./bin/www
23 error You can get their info via:
23 error     npm owner ls totec2015
23 error There is likely additional logging output above.
24 verbose exit [ 1, true ]
